BooktrackerProject/app/build/intermediates/manifest_merge_blame_file/debug/manifest-merger-blame-debug-report.txt
1<?xml version="1.0" encoding="utf-8"?>
2<manifest xmlns:android="http://schemas.android.com/apk/res/android"
3    package="com.example.booktracker"
4    android:versionCode="1"
5    android:versionName="1.0" >
6
7    <uses-sdk
8        android:minSdkVersion="16"
8-->src\main\AndroidManifest.xml
9        android:targetSdkVersion="30" />
9-->src\main\AndroidManifest.xml
10
11    <uses-permission android:name="android.permission.CAMERA" />
11-->src\main\AndroidManifest.xml:5:5-65
11-->src\main\AndroidManifest.xml:5:22-62
12    <uses-permission android:name="android.permission.ACCESS_NETWORK_STATE" />
12-->[com.firebaseui:firebase-ui-auth:4.3.2] AndroidManifest.xml:12:5-79
12-->[com.firebaseui:firebase-ui-auth:4.3.2] AndroidManifest.xml:12:22-76
13    <uses-permission android:name="android.permission.INTERNET" />
13-->[com.firebaseui:firebase-ui-auth:4.3.2] AndroidManifest.xml:13:5-67
13-->[com.firebaseui:firebase-ui-auth:4.3.2] AndroidManifest.xml:13:22-64
14    <uses-permission android:name="android.permission.WAKE_LOCK" />
14-->[com.google.android.gms:play-services-measurement-api:18.0.0] AndroidManifest.xml:24:5-68
14-->[com.google.android.gms:play-services-measurement-api:18.0.0] AndroidManifest.xml:24:22-65
15    <uses-permission android:name="com.google.android.finsky.permission.BIND_GET_INSTALL_REFERRER_SERVICE" />
15-->[com.google.android.gms:play-services-measurement:18.0.0] AndroidManifest.xml:26:5-110
15-->[com.google.android.gms:play-services-measurement:18.0.0] AndroidManifest.xml:26:22-107
16
17    <application
17-->src\main\AndroidManifest.xml:6:5-37:19
18        android:name="androidx.multidex.MultiDexApplication"
19        android:allowBackup="true"
19-->src\main\AndroidManifest.xml:7:9-35
20        android:appComponentFactory="androidx.core.app.CoreComponentFactory"
20-->[androidx.core:core:1.3.1] AndroidManifest.xml:24:18-86
21        android:debuggable="true"
22        android:icon="@mipmap/ic_launcher"
22-->src\main\AndroidManifest.xml:8:9-43
23        android:label="@string/app_name"
23-->src\main\AndroidManifest.xml:9:9-41
24        android:roundIcon="@mipmap/ic_launcher_round"
24-->src\main\AndroidManifest.xml:10:9-54
25        android:supportsRtl="true"
25-->src\main\AndroidManifest.xml:11:9-35
26        android:theme="@style/AppTheme" >
26-->src\main\AndroidManifest.xml:12:9-40
27        <meta-data
27-->src\main\AndroidManifest.xml:14:9-16:68
28            android:name="com.google.android.gms.version"
28-->src\main\AndroidManifest.xml:15:13-58
29            android:value="@integer/google_play_services_version" />
29-->src\main\AndroidManifest.xml:16:13-66
30        <meta-data
30-->src\main\AndroidManifest.xml:17:9-19:39
31            android:name="com.google.android.gms.vision.DEPENDENCIES"
31-->src\main\AndroidManifest.xml:18:13-70
32            android:value="barcode" />
32-->src\main\AndroidManifest.xml:19:13-36
33
34        <activity android:name="com.example.booktracker.CreateAccount" />
34-->src\main\AndroidManifest.xml:21:9-60
34-->src\main\AndroidManifest.xml:21:19-48
35        <activity
35-->src\main\AndroidManifest.xml:22:9-24:66
36            android:name="com.example.booktracker.MainScreen"
36-->src\main\AndroidManifest.xml:23:13-39
37            android:label="@string/title_activity_main_screen" />
37-->src\main\AndroidManifest.xml:24:13-63
38        <activity android:name="com.example.booktracker.Profile" />
38-->src\main\AndroidManifest.xml:25:9-45
38-->src\main\AndroidManifest.xml:25:19-42
39        <activity android:name="com.example.booktracker.MainActivity" >
39-->src\main\AndroidManifest.xml:26:9-32:20
39-->src\main\AndroidManifest.xml:26:19-47
40            <intent-filter>
40-->src\main\AndroidManifest.xml:27:13-31:29
41                <action android:name="android.intent.action.MAIN" />
41-->src\main\AndroidManifest.xml:28:17-69
41-->src\main\AndroidManifest.xml:28:25-66
42
43                <category android:name="android.intent.category.LAUNCHER" />
43-->src\main\AndroidManifest.xml:30:17-77
43-->src\main\AndroidManifest.xml:30:27-74
44            </intent-filter>
45        </activity>
46        <activity
46-->src\main\AndroidManifest.xml:34:9-36:15
47            android:name="com.example.booktracker.ScanBarcodeActivity"
47-->src\main\AndroidManifest.xml:34:19-54
48            android:label="Scan Barcode" />
48-->src\main\AndroidManifest.xml:35:13-41
49
50        <meta-data
50-->[com.firebaseui:firebase-ui-auth:4.3.2] AndroidManifest.xml:19:9-21:63
51            android:name="com.facebook.sdk.ApplicationId"
51-->[com.firebaseui:firebase-ui-auth:4.3.2] AndroidManifest.xml:20:13-58
52            android:value="@string/facebook_application_id" />
52-->[com.firebaseui:firebase-ui-auth:4.3.2] AndroidManifest.xml:21:13-60
53
54        <activity
54-->[com.firebaseui:firebase-ui-auth:4.3.2] AndroidManifest.xml:23:9-27:61
55            android:name="com.firebase.ui.auth.KickoffActivity"
55-->[com.firebaseui:firebase-ui-auth:4.3.2] AndroidManifest.xml:24:13-64
56            android:exported="false"
56-->[com.firebaseui:firebase-ui-auth:4.3.2] AndroidManifest.xml:25:13-37
57            android:label=""
57-->[com.firebaseui:firebase-ui-auth:4.3.2] AndroidManifest.xml:26:13-29
58            android:theme="@style/FirebaseUI.Transparent" />
58-->[com.firebaseui:firebase-ui-auth:4.3.2] AndroidManifest.xml:27:13-58
59        <activity
59-->[com.firebaseui:firebase-ui-auth:4.3.2] AndroidManifest.xml:28:9-32:61
60            android:name="com.firebase.ui.auth.ui.idp.SingleSignInActivity"
60-->[com.firebaseui:firebase-ui-auth:4.3.2] AndroidManifest.xml:29:13-76
61            android:exported="false"
61-->[com.firebaseui:firebase-ui-auth:4.3.2] AndroidManifest.xml:30:13-37
62            android:label=""
62-->[com.firebaseui:firebase-ui-auth:4.3.2] AndroidManifest.xml:31:13-29
63            android:theme="@style/FirebaseUI.Transparent" />
63-->[com.firebaseui:firebase-ui-auth:4.3.2] AndroidManifest.xml:32:13-58
64        <activity
64-->[com.firebaseui:firebase-ui-auth:4.3.2] AndroidManifest.xml:33:9-37:61
65            android:name="com.firebase.ui.auth.ui.credentials.CredentialSaveActivity"
65-->[com.firebaseui:firebase-ui-auth:4.3.2] AndroidManifest.xml:34:13-86
66            android:exported="false"
66-->[com.firebaseui:firebase-ui-auth:4.3.2] AndroidManifest.xml:35:13-37
67            android:label=""
67-->[com.firebaseui:firebase-ui-auth:4.3.2] AndroidManifest.xml:36:13-29
68            android:theme="@style/FirebaseUI.Transparent" />
68-->[com.firebaseui:firebase-ui-auth:4.3.2] AndroidManifest.xml:37:13-58
69        <activity
69-->[com.firebaseui:firebase-ui-auth:4.3.2] AndroidManifest.xml:38:9-42:58
70            android:name="com.firebase.ui.auth.ui.email.RecoverPasswordActivity"
70-->[com.firebaseui:firebase-ui-auth:4.3.2] AndroidManifest.xml:39:13-81
71            android:exported="false"
71-->[com.firebaseui:firebase-ui-auth:4.3.2] AndroidManifest.xml:40:13-37
72            android:label="@string/fui_title_recover_password_activity"
72-->[com.firebaseui:firebase-ui-auth:4.3.2] AndroidManifest.xml:41:13-72
73            android:windowSoftInputMode="adjustResize" />
73-->[com.firebaseui:firebase-ui-auth:4.3.2] AndroidManifest.xml:42:13-55
74        <activity
74-->[com.firebaseui:firebase-ui-auth:4.3.2] AndroidManifest.xml:43:9-47:58
75            android:name="com.firebase.ui.auth.ui.email.EmailActivity"
75-->[com.firebaseui:firebase-ui-auth:4.3.2] AndroidManifest.xml:44:13-71
76            android:exported="false"
76-->[com.firebaseui:firebase-ui-auth:4.3.2] AndroidManifest.xml:45:13-37
77            android:label="@string/fui_sign_in_default"
77-->[com.firebaseui:firebase-ui-auth:4.3.2] AndroidManifest.xml:46:13-56
78            android:windowSoftInputMode="adjustResize" />
78-->[com.firebaseui:firebase-ui-auth:4.3.2] AndroidManifest.xml:47:13-55
79        <activity
79-->[com.firebaseui:firebase-ui-auth:4.3.2] AndroidManifest.xml:48:9-52:77
80            android:name="com.firebase.ui.auth.ui.phone.PhoneActivity"
80-->[com.firebaseui:firebase-ui-auth:4.3.2] AndroidManifest.xml:49:13-71
81            android:exported="false"
81-->[com.firebaseui:firebase-ui-auth:4.3.2] AndroidManifest.xml:50:13-37
82            android:label="@string/fui_sign_in_with_phone_number"
82-->[com.firebaseui:firebase-ui-auth:4.3.2] AndroidManifest.xml:51:13-66
83            android:windowSoftInputMode="adjustResize|stateAlwaysVisible" />
83-->[com.firebaseui:firebase-ui-auth:4.3.2] AndroidManifest.xml:52:13-74
84        <activity
84-->[com.firebaseui:firebase-ui-auth:4.3.2] AndroidManifest.xml:53:9-57:58
85            android:name="com.firebase.ui.auth.ui.idp.WelcomeBackIdpPrompt"
85-->[com.firebaseui:firebase-ui-auth:4.3.2] AndroidManifest.xml:54:13-76
86            android:exported="false"
86-->[com.firebaseui:firebase-ui-auth:4.3.2] AndroidManifest.xml:55:13-37
87            android:label="@string/fui_title_welcome_back_idp_prompt"
87-->[com.firebaseui:firebase-ui-auth:4.3.2] AndroidManifest.xml:56:13-70
88            android:windowSoftInputMode="adjustResize" />
88-->[com.firebaseui:firebase-ui-auth:4.3.2] AndroidManifest.xml:57:13-55
89        <activity
89-->[com.firebaseui:firebase-ui-auth:4.3.2] AndroidManifest.xml:58:9-62:58
90            android:name="com.firebase.ui.auth.ui.email.WelcomeBackPasswordPrompt"
90-->[com.firebaseui:firebase-ui-auth:4.3.2] AndroidManifest.xml:59:13-83
91            android:exported="false"
91-->[com.firebaseui:firebase-ui-auth:4.3.2] AndroidManifest.xml:60:13-37
92            android:label="@string/fui_title_welcome_back_password_prompt"
92-->[com.firebaseui:firebase-ui-auth:4.3.2] AndroidManifest.xml:61:13-75
93            android:windowSoftInputMode="adjustResize" />
93-->[com.firebaseui:firebase-ui-auth:4.3.2] AndroidManifest.xml:62:13-55
94        <activity
94-->[com.firebaseui:firebase-ui-auth:4.3.2] AndroidManifest.xml:63:9-67:58
95            android:name="com.firebase.ui.auth.ui.email.WelcomeBackEmailLinkPrompt"
95-->[com.firebaseui:firebase-ui-auth:4.3.2] AndroidManifest.xml:64:13-84
96            android:exported="false"
96-->[com.firebaseui:firebase-ui-auth:4.3.2] AndroidManifest.xml:65:13-37
97            android:label="@string/fui_title_welcome_back_password_prompt"
97-->[com.firebaseui:firebase-ui-auth:4.3.2] AndroidManifest.xml:66:13-75
98            android:windowSoftInputMode="adjustResize" />
98-->[com.firebaseui:firebase-ui-auth:4.3.2] AndroidManifest.xml:67:13-55
99        <activity
99-->[com.firebaseui:firebase-ui-auth:4.3.2] AndroidManifest.xml:68:9-73:58
100            android:name="com.firebase.ui.auth.ui.email.EmailLinkCatcherActivity"
100-->[com.firebaseui:firebase-ui-auth:4.3.2] AndroidManifest.xml:69:13-82
101            android:exported="false"
101-->[com.firebaseui:firebase-ui-auth:4.3.2] AndroidManifest.xml:70:13-37
102            android:label=""
102-->[com.firebaseui:firebase-ui-auth:4.3.2] AndroidManifest.xml:71:13-29
103            android:theme="@style/FirebaseUI.Transparent"
103-->[com.firebaseui:firebase-ui-auth:4.3.2] AndroidManifest.xml:72:13-58
104            android:windowSoftInputMode="adjustResize" />
104-->[com.firebaseui:firebase-ui-auth:4.3.2] AndroidManifest.xml:73:13-55
105        <activity
105-->[com.firebaseui:firebase-ui-auth:4.3.2] AndroidManifest.xml:74:9-78:58
106            android:name="com.firebase.ui.auth.ui.email.EmailLinkErrorRecoveryActivity"
106-->[com.firebaseui:firebase-ui-auth:4.3.2] AndroidManifest.xml:75:13-88
107            android:exported="false"
107-->[com.firebaseui:firebase-ui-auth:4.3.2] AndroidManifest.xml:76:13-37
108            android:label="@string/fui_sign_in_default"
108-->[com.firebaseui:firebase-ui-auth:4.3.2] AndroidManifest.xml:77:13-56
109            android:windowSoftInputMode="adjustResize" />
109-->[com.firebaseui:firebase-ui-auth:4.3.2] AndroidManifest.xml:78:13-55
110        <activity
110-->[com.firebaseui:firebase-ui-auth:4.3.2] AndroidManifest.xml:79:9-82:65
111            android:name="com.firebase.ui.auth.ui.idp.AuthMethodPickerActivity"
111-->[com.firebaseui:firebase-ui-auth:4.3.2] AndroidManifest.xml:80:13-80
112            android:exported="false"
112-->[com.firebaseui:firebase-ui-auth:4.3.2] AndroidManifest.xml:81:13-37
113            android:label="@string/fui_default_toolbar_title" />
113-->[com.firebaseui:firebase-ui-auth:4.3.2] AndroidManifest.xml:82:13-62
114        <activity
114-->[com.firebaseui:firebase-ui-auth:4.3.2] AndroidManifest.xml:83:9-87:48
115            android:name="com.facebook.FacebookActivity"
115-->[com.firebaseui:firebase-ui-auth:4.3.2] AndroidManifest.xml:84:13-57
116            android:configChanges="keyboard|keyboardHidden|screenLayout|screenSize|orientation"
116-->[com.firebaseui:firebase-ui-auth:4.3.2] AndroidManifest.xml:85:13-96
117            android:label="@string/app_name" />
117-->[com.firebaseui:firebase-ui-auth:4.3.2] AndroidManifest.xml:86:13-45
118        <activity
118-->[com.firebaseui:firebase-ui-auth:4.3.2] AndroidManifest.xml:88:9-100:20
119            android:name="com.facebook.CustomTabActivity"
119-->[com.firebaseui:firebase-ui-auth:4.3.2] AndroidManifest.xml:89:13-58
120            android:exported="true" >
120-->[com.firebaseui:firebase-ui-auth:4.3.2] AndroidManifest.xml:90:13-36
121            <intent-filter>
121-->[com.firebaseui:firebase-ui-auth:4.3.2] AndroidManifest.xml:92:13-99:29
122                <action android:name="android.intent.action.VIEW" />
122-->[com.firebaseui:firebase-ui-auth:4.3.2] AndroidManifest.xml:93:17-69
122-->[com.firebaseui:firebase-ui-auth:4.3.2] AndroidManifest.xml:93:25-66
123
124                <category android:name="android.intent.category.DEFAULT" />
124-->[com.firebaseui:firebase-ui-auth:4.3.2] AndroidManifest.xml:95:17-76
124-->[com.firebaseui:firebase-ui-auth:4.3.2] AndroidManifest.xml:95:27-73
125                <category android:name="android.intent.category.BROWSABLE" />
125-->[com.firebaseui:firebase-ui-auth:4.3.2] AndroidManifest.xml:96:17-78
125-->[com.firebaseui:firebase-ui-auth:4.3.2] AndroidManifest.xml:96:27-75
126
127                <data android:scheme="@string/facebook_login_protocol_scheme" />
127-->[com.firebaseui:firebase-ui-auth:4.3.2] AndroidManifest.xml:98:17-81
127-->[com.firebaseui:firebase-ui-auth:4.3.2] AndroidManifest.xml:98:23-78
128            </intent-filter>
129        </activity>
130
131        <provider
131-->[com.firebaseui:firebase-ui-auth:4.3.2] AndroidManifest.xml:102:9-106:38
132            android:name="com.firebase.ui.auth.data.client.AuthUiInitProvider"
132-->[com.firebaseui:firebase-ui-auth:4.3.2] AndroidManifest.xml:103:13-79
133            android:authorities="com.example.booktracker.authuiinitprovider"
133-->[com.firebaseui:firebase-ui-auth:4.3.2] AndroidManifest.xml:104:13-70
134            android:exported="false"
134-->[com.firebaseui:firebase-ui-auth:4.3.2] AndroidManifest.xml:105:13-37
135            android:initOrder="90" />
135-->[com.firebaseui:firebase-ui-auth:4.3.2] AndroidManifest.xml:106:13-35
136
137        <activity
137-->[com.google.firebase:firebase-auth:20.0.0] AndroidManifest.xml:27:9-34:50
138            android:name="com.google.firebase.auth.internal.FederatedSignInActivity"
138-->[com.google.firebase:firebase-auth:20.0.0] AndroidManifest.xml:28:13-85
139            android:excludeFromRecents="true"
139-->[com.google.firebase:firebase-auth:20.0.0] AndroidManifest.xml:29:13-46
140            android:exported="true"
140-->[com.google.firebase:firebase-auth:20.0.0] AndroidManifest.xml:30:13-36
141            android:launchMode="singleTask"
141-->[com.google.firebase:firebase-auth:20.0.0] AndroidManifest.xml:31:13-44
142            android:permission="com.google.firebase.auth.api.gms.permission.LAUNCH_FEDERATED_SIGN_IN"
142-->[com.google.firebase:firebase-auth:20.0.0] AndroidManifest.xml:32:13-102
143            android:theme="@android:style/Theme.Translucent.NoTitleBar" />
143-->[com.google.firebase:firebase-auth:20.0.0] AndroidManifest.xml:33:13-72
144        <activity
144-->[com.google.firebase:firebase-auth:20.0.0] AndroidManifest.xml:35:9-52:20
145            android:name="com.google.firebase.auth.internal.GenericIdpActivity"
145-->[com.google.firebase:firebase-auth:20.0.0] AndroidManifest.xml:36:13-80
146            android:excludeFromRecents="true"
146-->[com.google.firebase:firebase-auth:20.0.0] AndroidManifest.xml:37:13-46
147            android:exported="true"
147-->[com.google.firebase:firebase-auth:20.0.0] AndroidManifest.xml:38:13-36
148            android:launchMode="singleTask"
148-->[com.google.firebase:firebase-auth:20.0.0] AndroidManifest.xml:39:13-44
149            android:theme="@android:style/Theme.Translucent.NoTitleBar" >
149-->[com.google.firebase:firebase-auth:20.0.0] AndroidManifest.xml:40:13-72
150            <intent-filter>
150-->[com.google.firebase:firebase-auth:20.0.0] AndroidManifest.xml:41:13-51:29
151                <action android:name="android.intent.action.VIEW" />
151-->[com.firebaseui:firebase-ui-auth:4.3.2] AndroidManifest.xml:93:17-69
151-->[com.firebaseui:firebase-ui-auth:4.3.2] AndroidManifest.xml:93:25-66
152
153                <category android:name="android.intent.category.DEFAULT" />
153-->[com.firebaseui:firebase-ui-auth:4.3.2] AndroidManifest.xml:95:17-76
153-->[com.firebaseui:firebase-ui-auth:4.3.2] AndroidManifest.xml:95:27-73
154                <category android:name="android.intent.category.BROWSABLE" />
154-->[com.firebaseui:firebase-ui-auth:4.3.2] AndroidManifest.xml:96:17-78
154-->[com.firebaseui:firebase-ui-auth:4.3.2] AndroidManifest.xml:96:27-75
155
156                <data
156-->[com.firebaseui:firebase-ui-auth:4.3.2] AndroidManifest.xml:98:17-81
157                    android:host="firebase.auth"
158                    android:path="/"
159                    android:scheme="genericidp" />
159-->[com.firebaseui:firebase-ui-auth:4.3.2] AndroidManifest.xml:98:23-78
160            </intent-filter>
161        </activity>
162        <activity
162-->[com.google.firebase:firebase-auth:20.0.0] AndroidManifest.xml:53:9-70:20
163            android:name="com.google.firebase.auth.internal.RecaptchaActivity"
163-->[com.google.firebase:firebase-auth:20.0.0] AndroidManifest.xml:54:13-79
164            android:excludeFromRecents="true"
164-->[com.google.firebase:firebase-auth:20.0.0] AndroidManifest.xml:55:13-46
165            android:exported="true"
165-->[com.google.firebase:firebase-auth:20.0.0] AndroidManifest.xml:56:13-36
166            android:launchMode="singleTask"
166-->[com.google.firebase:firebase-auth:20.0.0] AndroidManifest.xml:57:13-44
167            android:theme="@android:style/Theme.Translucent.NoTitleBar" >
167-->[com.google.firebase:firebase-auth:20.0.0] AndroidManifest.xml:58:13-72
168            <intent-filter>
168-->[com.google.firebase:firebase-auth:20.0.0] AndroidManifest.xml:59:13-69:29
169                <action android:name="android.intent.action.VIEW" />
169-->[com.firebaseui:firebase-ui-auth:4.3.2] AndroidManifest.xml:93:17-69
169-->[com.firebaseui:firebase-ui-auth:4.3.2] AndroidManifest.xml:93:25-66
170
171                <category android:name="android.intent.category.DEFAULT" />
171-->[com.firebaseui:firebase-ui-auth:4.3.2] AndroidManifest.xml:95:17-76
171-->[com.firebaseui:firebase-ui-auth:4.3.2] AndroidManifest.xml:95:27-73
172                <category android:name="android.intent.category.BROWSABLE" />
172-->[com.firebaseui:firebase-ui-auth:4.3.2] AndroidManifest.xml:96:17-78
172-->[com.firebaseui:firebase-ui-auth:4.3.2] AndroidManifest.xml:96:27-75
173
174                <data
174-->[com.firebaseui:firebase-ui-auth:4.3.2] AndroidManifest.xml:98:17-81
175                    android:host="firebase.auth"
176                    android:path="/"
177                    android:scheme="recaptcha" />
177-->[com.firebaseui:firebase-ui-auth:4.3.2] AndroidManifest.xml:98:23-78
178            </intent-filter>
179        </activity>
180
181        <service
181-->[com.google.firebase:firebase-auth:20.0.0] AndroidManifest.xml:72:9-81:19
182            android:name="com.google.firebase.auth.api.fallback.service.FirebaseAuthFallbackService"
182-->[com.google.firebase:firebase-auth:20.0.0] AndroidManifest.xml:73:13-101
183            android:enabled="true"
183-->[com.google.firebase:firebase-auth:20.0.0] AndroidManifest.xml:74:13-35
184            android:exported="false" >
184-->[com.google.firebase:firebase-auth:20.0.0] AndroidManifest.xml:75:13-37
185            <intent-filter>
185-->[com.google.firebase:firebase-auth:20.0.0] AndroidManifest.xml:76:13-80:29
186                <action android:name="com.google.firebase.auth.api.gms.service.START" />
186-->[com.google.firebase:firebase-auth:20.0.0] AndroidManifest.xml:77:17-89
186-->[com.google.firebase:firebase-auth:20.0.0] AndroidManifest.xml:77:25-86
187
188                <category android:name="android.intent.category.DEFAULT" />
188-->[com.firebaseui:firebase-ui-auth:4.3.2] AndroidManifest.xml:95:17-76
188-->[com.firebaseui:firebase-ui-auth:4.3.2] AndroidManifest.xml:95:27-73
189            </intent-filter>
190        </service>
191        <service
191-->[com.google.firebase:firebase-auth:20.0.0] AndroidManifest.xml:82:9-88:19
192            android:name="com.google.firebase.components.ComponentDiscoveryService"
192-->[com.google.firebase:firebase-auth:20.0.0] AndroidManifest.xml:83:13-84
193            android:directBootAware="true"
193-->[com.google.firebase:firebase-common:19.3.1] AndroidManifest.xml:35:13-43
194            android:exported="false" >
194-->[com.google.firebase:firebase-auth:20.0.0] AndroidManifest.xml:84:13-37
195            <meta-data
195-->[com.google.firebase:firebase-auth:20.0.0] AndroidManifest.xml:85:13-87:85
196                android:name="com.google.firebase.components:com.google.firebase.auth.FirebaseAuthRegistrar"
196-->[com.google.firebase:firebase-auth:20.0.0] AndroidManifest.xml:86:17-109
197                android:value="com.google.firebase.components.ComponentRegistrar" />
197-->[com.google.firebase:firebase-auth:20.0.0] AndroidManifest.xml:87:17-82
198            <meta-data
198-->[com.google.firebase:firebase-firestore:22.0.0] AndroidManifest.xml:20:13-22:85
199                android:name="com.google.firebase.components:com.google.firebase.firestore.FirestoreRegistrar"
199-->[com.google.firebase:firebase-firestore:22.0.0] AndroidManifest.xml:21:17-111
200                android:value="com.google.firebase.components.ComponentRegistrar" />
200-->[com.google.firebase:firebase-firestore:22.0.0] AndroidManifest.xml:22:17-82
201            <meta-data
201-->[com.google.android.gms:play-services-measurement-api:18.0.0] AndroidManifest.xml:30:13-32:85
202                android:name="com.google.firebase.components:com.google.firebase.analytics.connector.internal.AnalyticsConnectorRegistrar"
202-->[com.google.android.gms:play-services-measurement-api:18.0.0] AndroidManifest.xml:31:17-139
203                android:value="com.google.firebase.components.ComponentRegistrar" />
203-->[com.google.android.gms:play-services-measurement-api:18.0.0] AndroidManifest.xml:32:17-82
204            <meta-data
204-->[com.google.firebase:firebase-installations:16.3.3] AndroidManifest.xml:17:13-19:85
205                android:name="com.google.firebase.components:com.google.firebase.installations.FirebaseInstallationsRegistrar"
205-->[com.google.firebase:firebase-installations:16.3.3] AndroidManifest.xml:18:17-127
206                android:value="com.google.firebase.components.ComponentRegistrar" />
206-->[com.google.firebase:firebase-installations:16.3.3] AndroidManifest.xml:19:17-82
207        </service>
208
209        <activity
209-->[com.google.android.gms:play-services-auth:18.1.0] AndroidManifest.xml:23:9-27:75
210            android:name="com.google.android.gms.auth.api.signin.internal.SignInHubActivity"
210-->[com.google.android.gms:play-services-auth:18.1.0] AndroidManifest.xml:24:13-93
211            android:excludeFromRecents="true"
211-->[com.google.android.gms:play-services-auth:18.1.0] AndroidManifest.xml:25:13-46
212            android:exported="false"
212-->[com.google.android.gms:play-services-auth:18.1.0] AndroidManifest.xml:26:13-37
213            android:theme="@android:style/Theme.Translucent.NoTitleBar" />
213-->[com.google.android.gms:play-services-auth:18.1.0] AndroidManifest.xml:27:13-72
214        <!--
215            Service handling Google Sign-In user revocation. For apps that do not integrate with
216            Google Sign-In, this service will never be started.
217        -->
218        <service
218-->[com.google.android.gms:play-services-auth:18.1.0] AndroidManifest.xml:33:9-37:51
219            android:name="com.google.android.gms.auth.api.signin.RevocationBoundService"
219-->[com.google.android.gms:play-services-auth:18.1.0] AndroidManifest.xml:34:13-89
220            android:exported="true"
220-->[com.google.android.gms:play-services-auth:18.1.0] AndroidManifest.xml:35:13-36
221            android:permission="com.google.android.gms.auth.api.signin.permission.REVOCATION_NOTIFICATION"
221-->[com.google.android.gms:play-services-auth:18.1.0] AndroidManifest.xml:36:13-107
222            android:visibleToInstantApps="true" />
222-->[com.google.android.gms:play-services-auth:18.1.0] AndroidManifest.xml:37:13-48
223
224        <provider
224-->[com.google.firebase:firebase-common:19.3.1] AndroidManifest.xml:26:9-31:39
225            android:name="com.google.firebase.provider.FirebaseInitProvider"
225-->[com.google.firebase:firebase-common:19.3.1] AndroidManifest.xml:27:13-77
226            android:authorities="com.example.booktracker.firebaseinitprovider"
226-->[com.google.firebase:firebase-common:19.3.1] AndroidManifest.xml:28:13-72
227            android:directBootAware="true"
227-->[com.google.firebase:firebase-common:19.3.1] AndroidManifest.xml:29:13-43
228            android:exported="false"
228-->[com.google.firebase:firebase-common:19.3.1] AndroidManifest.xml:30:13-37
229            android:initOrder="100" />
229-->[com.google.firebase:firebase-common:19.3.1] AndroidManifest.xml:31:13-36
230
231        <activity
231-->[com.google.android.gms:play-services-base:17.1.0] AndroidManifest.xml:23:9-26:75
232            android:name="com.google.android.gms.common.api.GoogleApiActivity"
232-->[com.google.android.gms:play-services-base:17.1.0] AndroidManifest.xml:24:13-79
233            android:exported="false"
233-->[com.google.android.gms:play-services-base:17.1.0] AndroidManifest.xml:25:13-37
234            android:theme="@android:style/Theme.Translucent.NoTitleBar" />
234-->[com.google.android.gms:play-services-base:17.1.0] AndroidManifest.xml:26:13-72
235
236        <receiver
236-->[com.google.android.gms:play-services-measurement:18.0.0] AndroidManifest.xml:29:9-33:20
237            android:name="com.google.android.gms.measurement.AppMeasurementReceiver"
237-->[com.google.android.gms:play-services-measurement:18.0.0] AndroidManifest.xml:30:13-85
238            android:enabled="true"
238-->[com.google.android.gms:play-services-measurement:18.0.0] AndroidManifest.xml:31:13-35
239            android:exported="false" >
239-->[com.google.android.gms:play-services-measurement:18.0.0] AndroidManifest.xml:32:13-37
240        </receiver>
241
242        <service
242-->[com.google.android.gms:play-services-measurement:18.0.0] AndroidManifest.xml:35:9-38:40
243            android:name="com.google.android.gms.measurement.AppMeasurementService"
243-->[com.google.android.gms:play-services-measurement:18.0.0] AndroidManifest.xml:36:13-84
244            android:enabled="true"
244-->[com.google.android.gms:play-services-measurement:18.0.0] AndroidManifest.xml:37:13-35
245            android:exported="false" />
245-->[com.google.android.gms:play-services-measurement:18.0.0] AndroidManifest.xml:38:13-37
246        <service
246-->[com.google.android.gms:play-services-measurement:18.0.0] AndroidManifest.xml:39:9-43:72
247            android:name="com.google.android.gms.measurement.AppMeasurementJobService"
247-->[com.google.android.gms:play-services-measurement:18.0.0] AndroidManifest.xml:40:13-87
248            android:enabled="true"
248-->[com.google.android.gms:play-services-measurement:18.0.0] AndroidManifest.xml:41:13-35
249            android:exported="false"
249-->[com.google.android.gms:play-services-measurement:18.0.0] AndroidManifest.xml:42:13-37
250            android:permission="android.permission.BIND_JOB_SERVICE" />
250-->[com.google.android.gms:play-services-measurement:18.0.0] AndroidManifest.xml:43:13-69
251
252        <provider
252-->[androidx.lifecycle:lifecycle-process:2.2.0] AndroidManifest.xml:25:9-29:43
253            android:name="androidx.lifecycle.ProcessLifecycleOwnerInitializer"
253-->[androidx.lifecycle:lifecycle-process:2.2.0] AndroidManifest.xml:26:13-79
254            android:authorities="com.example.booktracker.lifecycle-process"
254-->[androidx.lifecycle:lifecycle-process:2.2.0] AndroidManifest.xml:27:13-69
255            android:exported="false"
255-->[androidx.lifecycle:lifecycle-process:2.2.0] AndroidManifest.xml:28:13-37
256            android:multiprocess="true" />
256-->[androidx.lifecycle:lifecycle-process:2.2.0] AndroidManifest.xml:29:13-40
257    </application>
258
259</manifest>